<?xml version="1.0" encoding="UTF-8" standalone="yes"?>
<testsuites name="TestSuite2" time="17" tests="2" failures="0" errors="0">
    <testsuite name="TestSuite2" tests="2" failures="0" errors="0" time="17" timestamp="2019-08-26 16:27:09" hostname="romi.weiss - VAN-BT-L021.1800GOTJUNK.com" id="Test Suites/Day1/TestSuite2">
        <properties>
            <property name="deviceName" value=""/>
            <property name="devicePlatform" value=""/>
            <property name="logFolder" value="C:\\Users\\romi.weiss\\KatalonDemo_Aug26\\Reports\\20190826_162639\\Day1\\TestSuite2\\20190826_162640"/>
            <property name="logFiles" value="C:\\Users\\romi.weiss\\KatalonDemo_Aug26\\Reports\\20190826_162639\\Day1\\TestSuite2\\20190826_162640\\execution0.log"/>
            <property name="attachments" value=""/>
            <property name="hostName" value="romi.weiss - VAN-BT-L021.1800GOTJUNK.com"/>
            <property name="os" value="Windows 10 64bit"/>
            <property name="katalonVersion" value="6.3.2.4"/>
            <property name="browser" value="Chrome 76.0.3809.100"/>
            <property name="hostAddress" value="10.101.2.14"/>
            <property name="sessionId" value="3aa2aba98f1f1508af3b453a5493816d"/>
            <property name="seleniumVersion" value="3.141.59"/>
            <property name="proxyInformation" value="ProxyInformation{proxyOption=NO_PROXY, proxyServerType=HTTP, password=, proxyServerAddress=, proxyServerPort=0}"/>
            <property name="platform" value="Windows 10"/>
        </properties>
        <testcase name="Test Cases/Day1/TestCase2_manual" classname="Test Cases/Day1/TestCase2_manual" status="PASSED">
            <system-out>2019-08-26 16:27:09 - [TEST_CASE][PASSED] - Test Cases/Day1/TestCase2_manual: Test Cases/Day1/TestCase2_manual&#xD;
&#xD;
2019-08-26 16:27:10 - [TEST_STEP][PASSED] - openBrowser(""): Browser is opened with url: ''&#xD;
&#xD;
2019-08-26 16:27:10 - [MESSAGE][INFO] - Starting 'Chrome' driver&#xD;
&#xD;
2019-08-26 16:27:10 - [MESSAGE][INFO] - Action delay is set to 0 seconds&#xD;
&#xD;
2019-08-26 16:27:15 - [MESSAGE][PASSED] - Browser is opened with url: ''&#xD;
&#xD;
2019-08-26 16:27:15 - [TEST_STEP][PASSED] - maximizeWindow(): Current window maximized&#xD;
&#xD;
2019-08-26 16:27:16 - [MESSAGE][PASSED] - Current window maximized&#xD;
&#xD;
2019-08-26 16:27:16 - [TEST_STEP][PASSED] - navigateToUrl("https://opensource-demo.orangehrmlive.com/"): Navigate to 'https://opensource-demo.orangehrmlive.com/' successfully&#xD;
&#xD;
2019-08-26 16:27:17 - [MESSAGE][PASSED] - Navigate to 'https://opensource-demo.orangehrmlive.com/' successfully&#xD;
&#xD;
2019-08-26 16:27:17 - [TEST_STEP][PASSED] - setText(findTestObject("Page_OrangeHRM/input_LOGIN Panel_txtUsername"), "Admin"): Text 'Admin' is set on object 'Object Repository/Page_OrangeHRM/input_LOGIN Panel_txtUsername'&#xD;
&#xD;
2019-08-26 16:27:17 - [MESSAGE][PASSED] - Text 'Admin' is set on object 'Object Repository/Page_OrangeHRM/input_LOGIN Panel_txtUsername'&#xD;
&#xD;
2019-08-26 16:27:17 - [TEST_STEP][PASSED] - setEncryptedText(findTestObject("Page_OrangeHRM/input_Username_txtPassword"), "hUKwJTbofgPU9eVlw/CnDQ=="): Text ****** has been set on object 'Object Repository/Page_OrangeHRM/input_Username_txtPassword'&#xD;
&#xD;
2019-08-26 16:27:18 - [MESSAGE][PASSED] - Text ****** has been set on object 'Object Repository/Page_OrangeHRM/input_Username_txtPassword'&#xD;
&#xD;
2019-08-26 16:27:18 - [TEST_STEP][PASSED] - click(findTestObject("Page_OrangeHRM/input_Password_Submit")): Object: 'Object Repository/Page_OrangeHRM/input_Password_Submit' is clicked on&#xD;
&#xD;
2019-08-26 16:27:19 - [MESSAGE][PASSED] - Object: 'Object Repository/Page_OrangeHRM/input_Password_Submit' is clicked on&#xD;
&#xD;
2019-08-26 16:27:19 - [TEST_STEP][PASSED] - closeBrowser(STOP_ON_FAILURE): Browser is closed&#xD;
&#xD;
2019-08-26 16:27:19 - [MESSAGE][PASSED] - Browser is closed</system-out>
            <system-err></system-err>
        </testcase>
        <testcase name="Test Cases/Day1/TestCase3_script" classname="Test Cases/Day1/TestCase3_script" status="PASSED">
            <system-out>2019-08-26 16:27:19 - [TEST_CASE][PASSED] - Test Cases/Day1/TestCase3_script: Test Cases/Day1/TestCase3_script&#xD;
&#xD;
2019-08-26 16:27:20 - [TEST_STEP][PASSED] - openBrowser(""): Browser is opened with url: ''&#xD;
&#xD;
2019-08-26 16:27:20 - [MESSAGE][INFO] - Starting 'Chrome' driver&#xD;
&#xD;
2019-08-26 16:27:22 - [MESSAGE][PASSED] - Browser is opened with url: ''&#xD;
&#xD;
2019-08-26 16:27:22 - [TEST_STEP][PASSED] - maximizeWindow(): Current window maximized&#xD;
&#xD;
2019-08-26 16:27:24 - [MESSAGE][PASSED] - Current window maximized&#xD;
&#xD;
2019-08-26 16:27:24 - [TEST_STEP][PASSED] - navigateToUrl("https://opensource-demo.orangehrmlive.com/"): Navigate to 'https://opensource-demo.orangehrmlive.com/' successfully&#xD;
&#xD;
2019-08-26 16:27:25 - [MESSAGE][PASSED] - Navigate to 'https://opensource-demo.orangehrmlive.com/' successfully&#xD;
&#xD;
2019-08-26 16:27:25 - [TEST_STEP][PASSED] - setText(findTestObject("Page_OrangeHRM/input_LOGIN Panel_txtUsername"), "Admin"): Text 'Admin' is set on object 'Object Repository/Page_OrangeHRM/input_LOGIN Panel_txtUsername'&#xD;
&#xD;
2019-08-26 16:27:25 - [MESSAGE][PASSED] - Text 'Admin' is set on object 'Object Repository/Page_OrangeHRM/input_LOGIN Panel_txtUsername'&#xD;
&#xD;
2019-08-26 16:27:25 - [TEST_STEP][PASSED] - setEncryptedText(findTestObject("Page_OrangeHRM/input_Username_txtPassword"), "hUKwJTbofgPU9eVlw/CnDQ=="): Text ****** has been set on object 'Object Repository/Page_OrangeHRM/input_Username_txtPassword'&#xD;
&#xD;
2019-08-26 16:27:25 - [MESSAGE][PASSED] - Text ****** has been set on object 'Object Repository/Page_OrangeHRM/input_Username_txtPassword'&#xD;
&#xD;
2019-08-26 16:27:25 - [TEST_STEP][PASSED] - click(findTestObject("Page_OrangeHRM/input_Password_Submit")): Object: 'Object Repository/Page_OrangeHRM/input_Password_Submit' is clicked on&#xD;
&#xD;
2019-08-26 16:27:26 - [MESSAGE][PASSED] - Object: 'Object Repository/Page_OrangeHRM/input_Password_Submit' is clicked on&#xD;
&#xD;
2019-08-26 16:27:26 - [TEST_STEP][PASSED] - closeBrowser(STOP_ON_FAILURE): Browser is closed&#xD;
&#xD;
2019-08-26 16:27:27 - [MESSAGE][PASSED] - Browser is closed</system-out>
            <system-err></system-err>
        </testcase>
        <system-out>2019-08-26 16:27:09 - [TEST_SUITE][INCOMPLETE] - TestSuite2: null</system-out>
        <system-err>2019-08-26 16:27:09 - [TEST_SUITE][INCOMPLETE] - TestSuite2: null</system-err>
    </testsuite>
</testsuites>
